   Compiling unicode-ident v1.0.24
   Compiling proc-macro2 v1.0.106
   Compiling quote v1.0.45
   Compiling syn v2.0.117
   Compiling cfg-if v1.0.4
   Compiling libc v0.2.183
   Compiling serde_core v1.0.228
   Compiling log v0.4.29
   Compiling once_cell v1.21.4
   Compiling jobserver v0.1.34
   Compiling find-msvc-tools v0.1.9
   Compiling shlex v1.3.0
   Compiling cc v1.2.57
   Compiling pkg-config v0.3.32
   Compiling smallvec v1.15.1
   Compiling autocfg v1.5.0
   Compiling bitflags v2.11.0
   Compiling serde v1.0.228
   Compiling serde_derive v1.0.228
   Compiling pin-project-lite v0.2.17
   Compiling version_check v0.9.5
   Compiling crossbeam-utils v0.8.21
   Compiling rustix v1.1.4
   Compiling linux-raw-sys v0.12.1
   Compiling zerocopy v0.8.42
   Compiling zerocopy-derive v0.8.42
   Compiling typenum v1.19.0
   Compiling futures-core v0.3.32
   Compiling generic-array v0.14.7
   Compiling slab v0.4.12
   Compiling getrandom v0.2.17
   Compiling memchr v2.8.0
   Compiling subtle v2.6.1
   Compiling synstructure v0.13.2
   Compiling const-oid v0.9.6
   Compiling futures-io v0.3.32
   Compiling zerofrom-derive v0.1.6
   Compiling crypto-common v0.1.7
   Compiling libloading v0.8.9
   Compiling zerofrom v0.1.6
   Compiling yoke-derive v0.8.1
   Compiling stable_deref_trait v1.2.1
   Compiling crc32fast v1.5.0
   Compiling yoke v0.8.1
   Compiling block-buffer v0.10.4
   Compiling bytemuck_derive v1.10.2
   Compiling simd-adler32 v0.3.8
   Compiling parking v2.2.1
   Compiling bytemuck v1.25.0
   Compiling digest v0.10.7
   Compiling dlib v0.5.3
   Compiling rand_core v0.6.4
   Compiling wayland-sys v0.31.10
   Compiling tracing-core v0.1.36
   Compiling zerovec-derive v0.11.2
   Compiling equivalent v1.0.2
   Compiling hashbrown v0.16.1
   Compiling indexmap v2.13.0
   Compiling zerovec v0.11.5
   Compiling concurrent-queue v2.5.0
   Compiling displaydoc v0.2.5
   Compiling tracing-attributes v0.1.31
   Compiling libm v0.2.16
   Compiling adler2 v2.0.1
   Compiling miniz_oxide v0.8.9
   Compiling tracing v0.1.44
   Compiling num-traits v0.2.19
   Compiling wayland-backend v0.3.14
   Compiling bitflags v1.3.2
   Compiling cpufeatures v0.2.17
   Compiling byteorder v1.5.0
   Compiling scoped-tls v1.0.1
   Compiling downcast-rs v1.2.1
   Compiling flate2 v1.1.9
   Compiling tinystr v0.8.2
   Compiling quick-xml v0.39.2
   Compiling ppv-lite86 v0.2.21
   Compiling percent-encoding v2.3.2
   Compiling writeable v0.6.2
   Compiling litemap v0.8.1
   Compiling wayland-client v0.31.13
   Compiling arrayvec v0.7.6
   Compiling icu_locale_core v2.1.1
   Compiling rand_chacha v0.3.1
   Compiling wayland-scanner v0.31.9
   Compiling zerotrie v0.2.3
   Compiling event-listener v5.4.1
   Compiling potential_utf v0.1.4
   Compiling parking_lot_core v0.9.12
   Compiling icu_normalizer_data v2.1.1
   Compiling futures-sink v0.3.32
   Compiling icu_properties_data v2.1.2
   Compiling fastrand v2.3.0
   Compiling thiserror v1.0.69
   Compiling icu_collections v2.1.1
   Compiling event-listener-strategy v0.5.4
   Compiling icu_provider v2.1.1
   Compiling rand v0.8.5
   Compiling sha1 v0.10.6
   Compiling thiserror-impl v1.0.69
   Compiling futures-macro v0.3.32
   Compiling futures-task v0.3.32
   Compiling scopeguard v1.2.0
   Compiling lock_api v0.4.14
   Compiling futures-util v0.3.32
   Compiling futures-lite v2.6.1
   Compiling polling v3.11.0
   Compiling icu_properties v2.1.2
   Compiling icu_normalizer v2.1.1
   Compiling parking_lot v0.12.5
   Compiling async-trait v0.1.89
   Compiling enumflags2_derive v0.7.12
   Compiling atomic-waker v1.1.2
   Compiling syn v1.0.109
   Compiling async-task v4.7.1
   Compiling hex v0.4.3
   Compiling piper v0.2.5
   Compiling enumflags2 v0.7.12
   Compiling idna_adapter v1.2.1
   Compiling async-channel v2.5.0
   Compiling form_urlencoded v1.2.2
   Compiling utf8_iter v1.0.4
   Compiling static_assertions v1.1.0
   Compiling idna v1.1.0
   Compiling blocking v1.6.2
   Compiling toml_datetime v0.6.11
   Compiling base64 v0.21.7
   Compiling winnow v0.5.40
   Compiling zeroize v1.8.2
   Compiling toml_edit v0.19.15
   Compiling url v2.5.8
   Compiling fdeflate v0.3.7
   Compiling bytes v1.11.1
   Compiling float-cmp v0.9.0
   Compiling strict-num v0.1.1
   Compiling proc-macro-crate v1.3.1
   Compiling png v0.17.16
   Compiling zvariant_utils v1.0.1
   Compiling event-listener v2.5.3
   Compiling arrayref v0.3.9 (/home/user/vendor/arrayref)
   Compiling itoa v1.0.17
   Compiling io-lifetimes v1.0.11
   Compiling tiny-skia-path v0.11.4
   Compiling async-executor v1.14.0
   Compiling num-integer v0.1.46
   Compiling aho-corasick v1.1.4
   Compiling ordered-stream v0.2.0
   Compiling memoffset v0.7.1
   Compiling polling v2.8.0
   Compiling xdg-home v1.3.0
   Compiling serde_repr v0.1.20
   Compiling khronos_api v3.1.0
   Compiling rustix v0.37.28
   Compiling anyhow v1.0.102
   Compiling vcpkg v0.2.15
   Compiling waker-fn v1.2.0
   Compiling cfg_aliases v0.1.1
   Compiling regex-syntax v0.8.10
   Compiling getrandom v0.3.4
   Compiling fastrand v1.9.0
   Compiling ttf-parser v0.25.1
   Compiling wasm-bindgen-shared v0.2.114
   Compiling owned_ttf_parser v0.25.1
   Compiling futures-lite v1.13.0
   Compiling regex-automata v0.4.14
   Compiling openssl-sys v0.9.112
   Compiling async-lock v2.8.0
   Compiling zvariant_derive v3.15.2
   Compiling ahash v0.8.12
   Compiling async-fs v1.6.0
   Compiling async-io v1.13.0
   Compiling errno v0.3.14
   Compiling ab_glyph_rasterizer v0.1.10
   Compiling rustix v0.38.44
   Compiling linux-raw-sys v0.3.8
   Compiling base64ct v1.8.3
   Compiling ab_glyph v0.2.32
   Compiling signal-hook-registry v1.4.8
   Compiling zvariant v3.15.2
   Compiling regex v1.12.3
   Compiling socket2 v0.4.10
   Compiling mio v1.1.1
   Compiling socket2 v0.6.3
   Compiling tokio-macros v2.6.1
   Compiling xcursor v0.3.10
   Compiling xml-rs v0.8.28
   Compiling linux-raw-sys v0.4.15
   Compiling winnow v0.7.15
   Compiling cursor-icon v1.2.0
   Compiling xkeysym v0.2.1
   Compiling wayland-csd-frame v0.3.0
   Compiling toml_parser v1.0.9+spec-1.1.0
   Compiling gl_generator v0.14.0
   Compiling wayland-cursor v0.31.13
   Compiling tokio v1.50.0
   Compiling zbus_macros v3.15.2
   Compiling nix v0.26.4
   Compiling zbus_names v2.6.1
   Compiling async-broadcast v0.5.1
   Compiling derivative v2.2.0
   Compiling wayland-protocols v0.31.2
   Compiling x11-dl v2.21.0
   Compiling libusb1-sys v0.7.0
   Compiling memmap2 v0.9.10
   Compiling enumn v0.1.14
   Compiling equator-macro v0.4.2
   Compiling async-recursion v1.1.1
   Compiling zmij v1.0.21
   Compiling rustversion v1.0.22
   Compiling toml_datetime v1.0.0+spec-1.1.0
   Compiling toml_edit v0.25.4+spec-1.1.0
   Compiling zbus v3.15.2
   Compiling equator v0.4.2
   Compiling accesskit v0.12.3
   Compiling calloop v0.12.4
   Compiling tiny-skia v0.11.4
   Compiling sha2 v0.10.9
   Compiling inout v0.1.4
   Compiling memoffset v0.9.1
   Compiling ring v0.17.14
   Compiling smithay-client-toolkit v0.18.1
   Compiling serde_json v1.0.149
   Compiling fnv v1.0.7
   Compiling foreign-types-shared v0.1.1
   Compiling openssl v0.10.76
   Compiling getrandom v0.4.2
   Compiling foreign-types v0.3.2
   Compiling http v0.2.12
   Compiling cipher v0.4.4
   Compiling calloop-wayland-source v0.2.0
   Compiling aligned-vec v0.6.4
   Compiling atspi-common v0.3.0
   Compiling proc-macro-crate v3.5.0
   Compiling wayland-protocols-wlr v0.2.0
   Compiling num-bigint v0.4.6
   Compiling rustls-pki-types v1.14.0
   Compiling wayland-protocols v0.32.11
   Compiling futures-channel v0.3.32
   Compiling gethostname v1.1.0
   Compiling crossbeam-epoch v0.9.18
   Compiling serde_spanned v0.6.9
   Compiling zstd-sys v2.0.16+zstd.1.5.7
   Compiling openssl-macros v0.1.1
   Compiling zvariant_utils v2.1.0
   Compiling httparse v1.10.1
   Compiling either v1.15.0
   Compiling rusb v0.9.4
   Compiling native-tls v0.2.18
   Compiling color_quant v1.1.0
   Compiling built v0.7.7
   Compiling paste v1.0.15
   Compiling rayon-core v1.13.0
   Compiling bumpalo v3.20.2
   Compiling toml_write v0.1.2
   Compiling x11rb-protocol v0.13.2
   Compiling as-raw-xcb-connection v1.0.1
   Compiling x11rb v0.13.2
   Compiling toml_edit v0.22.27
   Compiling wasm-bindgen-macro-support v0.2.114
   Compiling rav1e v0.7.1
   Compiling crossbeam-deque v0.8.6
   Compiling num-rational v0.4.2
   Compiling wasm-bindgen v0.2.114
   Compiling atspi-proxies v0.3.0
   Compiling v_frame v0.3.9
   Compiling aes v0.8.4
   Compiling tokio-util v0.7.18
   Compiling pem-rfc7468 v0.7.0
   Compiling winit v0.29.15
   Compiling kurbo v0.9.5
   Compiling emath v0.26.2
   Compiling ecolor v0.26.2
   Compiling rgb v0.8.53
   Compiling nom v8.0.0
   Compiling async-io v2.6.0
   Compiling profiling-procmacros v1.0.17
   Compiling iana-time-zone v0.1.65
   Compiling spin v0.9.8
   Compiling unicase v2.9.0
   Compiling siphasher v0.3.11
   Compiling raw-window-handle v0.6.2
   Compiling openssl-probe v0.2.1
   Compiling nohash-hasher v0.2.0
   Compiling raw-window-handle v0.5.2
   Compiling cfg_aliases v0.2.1
   Compiling try-lock v0.2.5
   Compiling siphasher v1.0.2
   Compiling untrusted v0.9.0
   Compiling thiserror v2.0.18
   Compiling phf_shared v0.11.3
   Compiling want v0.3.1
   Compiling nix v0.29.0
   Compiling epaint v0.26.2
   Compiling svgtypes v0.13.0
   Compiling lazy_static v1.5.0
   Compiling chrono v0.4.44
   Compiling profiling v1.0.17
   Compiling av1-grain v0.2.5
   Compiling der v0.7.10
   Compiling h2 v0.3.27
   Compiling uuid v1.22.0
   Compiling atspi-connection v0.3.0
   Compiling sctk-adwaita v0.8.3
   Compiling wasm-bindgen-macro v0.2.114
   Compiling toml v0.8.23
   Compiling itertools v0.12.1
   Compiling zvariant_derive v4.2.0
   Compiling http-body v0.4.6
   Compiling wayland-protocols-plasma v0.2.0
   Compiling glutin_egl_sys v0.6.0
   Compiling glutin_glx_sys v0.5.0
   Compiling xkbcommon-dl v0.4.2
   Compiling ron v0.8.1
   Compiling calloop v0.14.4
   Compiling md-5 v0.10.6
   Compiling crossbeam-channel v0.5.15
   Compiling bzip2-sys v0.1.13+1.0.8
   Compiling socket2 v0.5.10
   Compiling maybe-rayon v0.1.1
   Compiling arg_enum_proc_macro v0.3.4
   Compiling thiserror-impl v2.0.18
   Compiling num-derive v0.4.2
   Compiling simd_helpers v0.1.0
   Compiling rustls v0.23.37
   Compiling weezl v0.1.12
   Compiling smol_str v0.2.2
   Compiling new_debug_unreachable v1.0.6
   Compiling noop_proc_macro v0.3.0
   Compiling smithay-client-toolkit v0.20.0
   Compiling endi v1.1.1
   Compiling quick-error v2.0.1
   Compiling httpdate v1.0.3
   Compiling imgref v1.12.0
   Compiling zstd-safe v5.0.2+zstd.1.5.2
   Compiling bitstream-io v2.6.0
   Compiling mime v0.3.17
   Compiling tower-service v0.3.3
   Compiling rctree v0.5.0
   Compiling usvg-tree v0.37.0
   Compiling hyper v0.14.32
   Compiling loop9 v0.1.5
   Compiling zvariant v4.2.0
   Compiling chimera-core v1.1.0 (/home/user/crates/chimera-core)
   Compiling calloop-wayland-source v0.4.1
   Compiling egui v0.26.2
   Compiling atspi v0.19.0
   Compiling spki v0.7.3
   Compiling tokio-native-tls v0.3.1
   Compiling phf v0.11.3
   Compiling rustls-webpki v0.103.9
   Compiling wayland-protocols-experimental v20250721.0.1
   Compiling wayland-protocols-wlr v0.3.11
   Compiling wayland-protocols-misc v0.3.11
   Compiling webpki-roots v1.0.6
   Compiling accesskit_consumer v0.16.1
   Compiling glutin v0.31.3
   Compiling async-lock v3.4.2
   Compiling avif-serialize v0.8.8
   Compiling zune-inflate v0.2.54
   Compiling half v2.7.1
   Compiling simplecss v0.2.2
   Compiling data-url v0.3.2
   Compiling num-bigint-dig v0.8.6
   Compiling ryu v1.0.23
   Compiling async-once-cell v0.5.4
   Compiling powerfmt v0.2.0
   Compiling bit_field v0.10.3
   Compiling litrs v1.0.0
   Compiling byteorder-lite v0.1.0
   Compiling lebe v0.5.3
   Compiling zune-core v0.4.12
   Compiling roxmltree v0.19.0
   Compiling imagesize v0.12.0
   Compiling jpeg-decoder v0.3.2
   Compiling tiff v0.9.1
   Compiling usvg-parser v0.37.0
   Compiling zune-jpeg v0.4.21
   Compiling exr v1.74.0
   Compiling image-webp v0.1.3
   Compiling document-features v0.2.12
   Compiling deranged v0.3.11
   Compiling accesskit_unix v0.6.2
   Compiling serde_urlencoded v0.7.1
   Compiling ravif v0.11.20
   Compiling async-fs v2.2.0
   Compiling webpki-roots v0.26.11
   Compiling mime_guess2 v2.3.1
   Compiling hyper-tls v0.5.0
   Compiling pkcs8 v0.10.2
   Compiling js-sys v0.3.91
   Compiling zbus_names v3.0.0
   Compiling gif v0.13.3
   Compiling rayon v1.11.0
   Compiling zbus_macros v4.4.0
   Compiling password-hash v0.4.2
   Compiling glutin-winit v0.4.2
   Compiling num-iter v0.1.45
   Compiling rustls-pemfile v1.0.4
   Compiling async-broadcast v0.7.2
   Compiling hmac v0.12.1
   Compiling qoi v0.4.1
   Compiling encoding_rs v0.8.35
   Compiling base64 v0.22.1
   Compiling option-ext v0.2.0
   Compiling home v0.5.11
   Compiling ipnet v2.12.0
   Compiling num-conv v0.1.0
   Compiling crc-catalog v2.4.0
   Compiling pico-args v0.5.0
   Compiling time-core v0.1.2
   Compiling sync_wrapper v0.1.2
   Compiling xmlwriter v0.1.0
   Compiling usvg v0.37.0
   Compiling reqwest v0.11.27
   Compiling time v0.3.36
   Compiling crc v3.4.0
   Compiling webbrowser v0.8.15
   Compiling dirs-sys v0.4.1
   Compiling ureq v2.12.1
   Compiling image v0.25.1
   Compiling pbkdf2 v0.11.0
   Compiling zbus v4.4.0
   Compiling bzip2 v0.4.4
   Compiling web-sys v0.3.91
   Compiling pkcs1 v0.7.5
   Compiling zstd v0.11.2+zstd.1.5.2
   Compiling smithay-clipboard v0.7.3
   Compiling accesskit_winit v0.16.1
   Compiling async-net v2.0.0
   Compiling arboard v3.6.1
   Compiling image v0.24.9
   Compiling signature v2.2.0
   Compiling xattr v1.6.1
   Compiling dirs-sys-next v0.1.2
   Compiling filetime v0.2.27
   Compiling enum-map-derive v0.17.0
   Compiling constant_time_eq v0.1.5
   Compiling rfd v0.14.1
   Compiling glow v0.13.1
   Compiling match_cfg v0.1.0
   Compiling web-time v0.2.4
   Compiling egui-winit v0.26.2
   Compiling hostname v0.3.1
   Compiling egui_glow v0.26.2
   Compiling zip v0.6.6
   Compiling enum-map v2.7.3
   Compiling tar v0.4.44
   Compiling directories-next v2.0.0
   Compiling rsa v0.9.10
   Compiling ashpd v0.8.1
   Compiling ehttp v0.4.0
   Compiling qrcode v0.14.1
   Compiling matchers v0.2.0
   Compiling dirs v5.0.1
   Compiling lzma-rs v0.3.0
   Compiling resvg v0.37.0
   Compiling sharded-slab v0.1.7
   Compiling tracing-log v0.2.0
   Compiling thread_local v1.1.9
   Compiling nu-ansi-term v0.50.3
   Compiling pollster v0.3.0
   Compiling urlencoding v2.1.3
   Compiling tracing-subscriber v0.3.23
   Compiling egui_extras v0.26.2
   Compiling chimera-firmware v1.0.0 (/home/user/crates/chimera-firmware)
   Compiling chimera-adb v1.3.0 (/home/user/crates/chimera-adb)
warning: unused import: `BufReader`
 --> crates/chimera-adb/src/client.rs:5:28
  |
5 | use std::io::{Read, Write, BufReader};
  |                            ^^^^^^^^^
  |
  = note: `#[warn(unused_imports)]` (part of `#[warn(unused)]`) on by default

warning: unused import: `ChimeraError`
 --> crates/chimera-adb/src/services.rs:4:27
  |
4 | use chimera_core::error::{ChimeraError, Result};
  |                           ^^^^^^^^^^^^

warning: unused imports: `ChimeraError` and `Result`
 --> crates/chimera-adb/src/sync.rs:4:27
  |
4 | use chimera_core::error::{ChimeraError, Result};
  |                           ^^^^^^^^^^^^  ^^^^^^

warning: unused import: `ReadBytesExt`
 --> crates/chimera-adb/src/sync.rs:5:46
  |
5 | use byteorder::{LittleEndian, WriteBytesExt, ReadBytesExt};
  |                                              ^^^^^^^^^^^^

warning: unused imports: `Cursor`, `Read`, and `Write`
 --> crates/chimera-adb/src/sync.rs:6:15
  |
6 | use std::io::{Read, Write, Cursor};
  |               ^^^^  ^^^^^  ^^^^^^

warning: `chimera-adb` (lib) generated 5 warnings (run `cargo fix --lib -p chimera-adb` to apply 5 suggestions)
   Compiling chimera-utils v1.3.0 (/home/user/crates/chimera-utils)
warning: unused import: `chimera_core::error::Result`
 --> crates/chimera-utils/src/tap_diag.rs:3:5
  |
3 | use chimera_core::error::Result;
  |     ^^^^^^^^^^^^^^^^^^^^^^^^^^^
  |
  = note: `#[warn(unused_imports)]` (part of `#[warn(unused)]`) on by default

warning: `chimera-utils` (lib) generated 1 warning (run `cargo fix --lib -p chimera-utils` to apply 1 suggestion)
   Compiling eframe v0.26.2
   Compiling chimera-devices v1.0.0 (/home/user/crates/chimera-devices)
   Compiling chimera-gui v1.3.13 (/home/user/crates/chimera-gui)
warning: fields `firmware_path`, `backup_path`, and `notes` are never read
   --> crates/chimera-gui/src/state.rs:123:9
    |
116 | pub struct DeviceUiState {
    |            ------------- fields in this struct
...
123 |     pub firmware_path: String,
    |         ^^^^^^^^^^^^^
124 |     pub backup_path: String,
    |         ^^^^^^^^^^^
125 |     pub notes: String,
    |         ^^^^^
    |
    = note: `DeviceUiState` has derived impls for the traits `Clone` and `Debug`, but these are intentionally ignored during dead code analysis
    = note: `#[warn(dead_code)]` (part of `#[warn(unused)]`) on by default

warning: field `serial` is never read
  --> crates/chimera-gui/src/worker.rs:24:36
   |
24 |     RemoveMdm { device_id: String, serial: String },
   |     ---------                      ^^^^^^
   |     |
   |     field in this variant
   |
   = note: `OperationRequest` has derived impls for the traits `Clone` and `Debug`, but these are intentionally ignored during dead code analysis

warning: field `serial` is never read
  --> crates/chimera-gui/src/worker.rs:25:41
   |
25 |     RemoveDemoMode { device_id: String, serial: String },
   |     --------------                      ^^^^^^
   |     |
   |     field in this variant
   |
   = note: `OperationRequest` has derived impls for the traits `Clone` and `Debug`, but these are intentionally ignored during dead code analysis

warning: field `serial` is never read
  --> crates/chimera-gui/src/worker.rs:29:43
   |
29 |     UnlockBootloader { device_id: String, serial: String },
   |     ----------------                      ^^^^^^
   |     |
   |     field in this variant
   |
   = note: `OperationRequest` has derived impls for the traits `Clone` and `Debug`, but these are intentionally ignored during dead code analysis

warning: field `serial` is never read
  --> crates/chimera-gui/src/worker.rs:30:41
   |
30 |     LockBootloader { device_id: String, serial: String },
   |     --------------                      ^^^^^^
   |     |
   |     field in this variant
   |
   = note: `OperationRequest` has derived impls for the traits `Clone` and `Debug`, but these are intentionally ignored during dead code analysis

warning: multiple associated items are never used
   --> crates/chimera-gui/src/theme.rs:28:15
    |
  9 | impl ChimeraTheme {
    | ----------------- associated items in this implementation
...
 28 |     pub const ACCENT_HOVER:    Color32 = Color32::from_rgb(0xff, 0xbf, 0x4a);
    |               ^^^^^^^^^^^^
...
 34 |     pub const TAB_ACTIVE_BG:   Color32 = Color32::from_rgb(0x2e, 0x2a, 0x14);
    |               ^^^^^^^^^^^^^
...
 40 |     pub const TEXT_HEADING:    Color32 = Color32::from_rgb(0xff, 0xff, 0xff);
    |               ^^^^^^^^^^^^
 41 |     pub const TEXT_ACCENT:     Color32 = Color32::from_rgb(0xf5, 0xa6, 0x23); // golden label
    |               ^^^^^^^^^^^
...
 59 |     pub const SAMSUNG_BLUE:    Color32 = Color32::from_rgb(0x14, 0x5a, 0xaa);
    |               ^^^^^^^^^^^^
 60 |     pub const XIAOMI_ORANGE:   Color32 = Color32::from_rgb(0xff, 0x6c, 0x00);
    |               ^^^^^^^^^^^^^
 61 |     pub const HUAWEI_RED:      Color32 = Color32::from_rgb(0xcf, 0x00, 0x0f);
    |               ^^^^^^^^^^
 62 |     pub const MTK_GREEN:       Color32 = Color32::from_rgb(0x00, 0x96, 0x3c);
    |               ^^^^^^^^^
 63 |     pub const APPLE_SILVER:    Color32 = Color32::from_rgb(0xa0, 0xa8, 0xb8);
    |               ^^^^^^^^^^^^
...
 92 |     pub fn brand_color(brand: &str) -> Color32 {
    |            ^^^^^^^^^^^
...
102 |     pub fn status_color(s: &str) -> Color32 {
    |            ^^^^^^^^^^^^
...
258 |     pub fn golden_badge(ui: &mut egui::Ui, text: &str) {
    |            ^^^^^^^^^^^^
...
269 |     pub fn status_dot(ui: &mut egui::Ui, color: Color32) {
    |            ^^^^^^^^^^

warning: constant `ICON_DEVICE` is never used
 --> crates/chimera-gui/src/icons.rs:4:11
  |
4 | pub const ICON_DEVICE: &str = "📱";
  |           ^^^^^^^^^^^

warning: constant `ICON_SAMSUNG` is never used
 --> crates/chimera-gui/src/icons.rs:5:11
  |
5 | pub const ICON_SAMSUNG: &str = "🔵";
  |           ^^^^^^^^^^^^

warning: constant `ICON_XIAOMI` is never used
 --> crates/chimera-gui/src/icons.rs:6:11
  |
6 | pub const ICON_XIAOMI: &str = "🟠";
  |           ^^^^^^^^^^^

warning: constant `ICON_HUAWEI` is never used
 --> crates/chimera-gui/src/icons.rs:7:11
  |
7 | pub const ICON_HUAWEI: &str = "🔴";
  |           ^^^^^^^^^^^

warning: constant `ICON_MTK` is never used
 --> crates/chimera-gui/src/icons.rs:8:11
  |
8 | pub const ICON_MTK: &str = "🟢";
  |           ^^^^^^^^

warning: constant `ICON_CONNECT` is never used
 --> crates/chimera-gui/src/icons.rs:9:11
  |
9 | pub const ICON_CONNECT: &str = "🔌";
  |           ^^^^^^^^^^^^

warning: constant `ICON_DISCONNECT` is never used
  --> crates/chimera-gui/src/icons.rs:10:11
   |
10 | pub const ICON_DISCONNECT: &str = "⛔";
   |           ^^^^^^^^^^^^^^^

warning: constant `ICON_SCAN` is never used
  --> crates/chimera-gui/src/icons.rs:11:11
   |
11 | pub const ICON_SCAN: &str = "🔍";
   |           ^^^^^^^^^

warning: constant `ICON_REFRESH` is never used
  --> crates/chimera-gui/src/icons.rs:12:11
   |
12 | pub const ICON_REFRESH: &str = "🔄";
   |           ^^^^^^^^^^^^

warning: constant `ICON_FLASH` is never used
  --> crates/chimera-gui/src/icons.rs:13:11
   |
13 | pub const ICON_FLASH: &str = "⚡";
   |           ^^^^^^^^^^

warning: constant `ICON_FRP` is never used
  --> crates/chimera-gui/src/icons.rs:14:11
   |
14 | pub const ICON_FRP: &str = "🔓";
   |           ^^^^^^^^

warning: constant `ICON_IMEI` is never used
  --> crates/chimera-gui/src/icons.rs:15:11
   |
15 | pub const ICON_IMEI: &str = "📋";
   |           ^^^^^^^^^

warning: constant `ICON_BACKUP` is never used
  --> crates/chimera-gui/src/icons.rs:16:11
   |
16 | pub const ICON_BACKUP: &str = "💾";
   |           ^^^^^^^^^^^

warning: constant `ICON_RESTORE` is never used
  --> crates/chimera-gui/src/icons.rs:17:11
   |
17 | pub const ICON_RESTORE: &str = "📤";
   |           ^^^^^^^^^^^^

warning: constant `ICON_ROOT` is never used
  --> crates/chimera-gui/src/icons.rs:18:11
   |
18 | pub const ICON_ROOT: &str = "🌲";
   |           ^^^^^^^^^

warning: constant `ICON_MDM` is never used
  --> crates/chimera-gui/src/icons.rs:19:11
   |
19 | pub const ICON_MDM: &str = "🏢";
   |           ^^^^^^^^

warning: constant `ICON_LOCK` is never used
  --> crates/chimera-gui/src/icons.rs:20:11
   |
20 | pub const ICON_LOCK: &str = "🔒";
   |           ^^^^^^^^^

warning: constant `ICON_UNLOCK` is never used
  --> crates/chimera-gui/src/icons.rs:21:11
   |
21 | pub const ICON_UNLOCK: &str = "🔓";
   |           ^^^^^^^^^^^

warning: constant `ICON_FIRMWARE` is never used
  --> crates/chimera-gui/src/icons.rs:22:11
   |
22 | pub const ICON_FIRMWARE: &str = "📦";
   |           ^^^^^^^^^^^^^

warning: constant `ICON_INFO` is never used
  --> crates/chimera-gui/src/icons.rs:23:11
   |
23 | pub const ICON_INFO: &str = "ℹ️";
   |           ^^^^^^^^^

warning: constant `ICON_SUCCESS` is never used
  --> crates/chimera-gui/src/icons.rs:24:11
   |
24 | pub const ICON_SUCCESS: &str = "✅";
   |           ^^^^^^^^^^^^

warning: constant `ICON_ERROR` is never used
  --> crates/chimera-gui/src/icons.rs:25:11
   |
25 | pub const ICON_ERROR: &str = "❌";
   |           ^^^^^^^^^^

warning: constant `ICON_WARNING` is never used
  --> crates/chimera-gui/src/icons.rs:26:11
   |
26 | pub const ICON_WARNING: &str = "⚠️";
   |           ^^^^^^^^^^^^

warning: constant `ICON_SETTINGS` is never used
  --> crates/chimera-gui/src/icons.rs:27:11
   |
27 | pub const ICON_SETTINGS: &str = "⚙️";
   |           ^^^^^^^^^^^^^

warning: constant `ICON_LOG` is never used
  --> crates/chimera-gui/src/icons.rs:28:11
   |
28 | pub const ICON_LOG: &str = "📜";
   |           ^^^^^^^^

warning: constant `ICON_COPY` is never used
  --> crates/chimera-gui/src/icons.rs:29:11
   |
29 | pub const ICON_COPY: &str = "📋";
   |           ^^^^^^^^^

warning: constant `ICON_FOLDER` is never used
  --> crates/chimera-gui/src/icons.rs:30:11
   |
30 | pub const ICON_FOLDER: &str = "📁";
   |           ^^^^^^^^^^^

warning: constant `ICON_QR` is never used
  --> crates/chimera-gui/src/icons.rs:31:11
   |
31 | pub const ICON_QR: &str = "📲";
   |           ^^^^^^^

warning: constant `ICON_NETWORK` is never used
  --> crates/chimera-gui/src/icons.rs:32:11
   |
32 | pub const ICON_NETWORK: &str = "📡";
   |           ^^^^^^^^^^^^

warning: constant `ICON_CERT` is never used
  --> crates/chimera-gui/src/icons.rs:33:11
   |
33 | pub const ICON_CERT: &str = "📜";
   |           ^^^^^^^^^

warning: constant `ICON_CSC` is never used
  --> crates/chimera-gui/src/icons.rs:34:11
   |
34 | pub const ICON_CSC: &str = "🗺️";
   |           ^^^^^^^^

warning: constant `ICON_REBOOT` is never used
  --> crates/chimera-gui/src/icons.rs:35:11
   |
35 | pub const ICON_REBOOT: &str = "🔁";
   |           ^^^^^^^^^^^

warning: constant `ICON_DEMO` is never used
  --> crates/chimera-gui/src/icons.rs:36:11
   |
36 | pub const ICON_DEMO: &str = "🏪";
   |           ^^^^^^^^^

warning: constant `ICON_SHIELD` is never used
  --> crates/chimera-gui/src/icons.rs:37:11
   |
37 | pub const ICON_SHIELD: &str = "🛡️";
   |           ^^^^^^^^^^^

warning: constant `ICON_KNOX` is never used
  --> crates/chimera-gui/src/icons.rs:38:11
   |
38 | pub const ICON_KNOX: &str = "🔐";
   |           ^^^^^^^^^

warning: constant `ICON_EFS` is never used
  --> crates/chimera-gui/src/icons.rs:39:11
   |
39 | pub const ICON_EFS: &str = "💿";
   |           ^^^^^^^^

warning: constant `ICON_BOOT` is never used
  --> crates/chimera-gui/src/icons.rs:40:11
   |
40 | pub const ICON_BOOT: &str = "🥾";
   |           ^^^^^^^^^

warning: constant `ICON_CHIP` is never used
  --> crates/chimera-gui/src/icons.rs:41:11
   |
41 | pub const ICON_CHIP: &str = "🔲";
   |           ^^^^^^^^^

warning: constant `ICON_PLAY` is never used
  --> crates/chimera-gui/src/icons.rs:42:11
   |
42 | pub const ICON_PLAY: &str = "▶️";
   |           ^^^^^^^^^

warning: constant `ICON_STOP` is never used
  --> crates/chimera-gui/src/icons.rs:43:11
   |
43 | pub const ICON_STOP: &str = "⏹️";
   |           ^^^^^^^^^

warning: constant `ICON_CHECK` is never used
  --> crates/chimera-gui/src/icons.rs:44:11
   |
44 | pub const ICON_CHECK: &str = "✔";
   |           ^^^^^^^^^^

warning: `chimera-gui` (bin "chimera") generated 47 warnings
    Finished `release` profile [optimized] target(s) in 13m 30s
warning: the following packages contain code that will be rejected by a future version of Rust: ashpd v0.8.1
note: to see what the problems were, use the option `--future-incompat-report`, or run `cargo report future-incompatibilities --id 1`
